<?xml version="1.0" encoding="UTF-8"?>
<!-- Generated by org.testng.reporters.JUnitReportReporter -->
<testsuite hostname="DESKTOP-LV5QG8U" failures="0" tests="1" name="testCases.ADMIN.MASTERS.AddDepartmentsTest" time="2.389" errors="0" timestamp="2025-01-09T15:21:12 IST" skipped="0">
  <testcase classname="testCases.ADMIN.MASTERS.AddDepartmentsTest" name="verifyAddDepartment" time="2.389"/>
</testsuite> <!-- testCases.ADMIN.MASTERS.AddDepartmentsTest -->
