<?xml version="1.0" encoding="UTF-8"?>
<!-- Generated by org.testng.reporters.JUnitReportReporter -->
<testsuite hostname="DESKTOP-LV5QG8U" failures="0" tests="1" name="testCases.ADMIN.MASTERS.AddOrganizationTest" time="7.043" errors="0" timestamp="2025-01-06T16:57:05 IST" skipped="0">
  <testcase classname="testCases.ADMIN.MASTERS.AddOrganizationTest" name="verifyAddOrganization" time="7.043"/>
</testsuite> <!-- testCases.ADMIN.MASTERS.AddOrganizationTest -->
