<?xml version="1.0" encoding="UTF-8"?>
<!-- Generated by org.testng.reporters.JUnitReportReporter -->
<testsuite hostname="DESKTOP-LV5QG8U" failures="0" tests="1" name="testCases.ADMIN.MASTERS.AddFloorsTest" time="1.863" errors="0" timestamp="2025-01-07T16:19:05 IST" skipped="0">
  <testcase classname="testCases.ADMIN.MASTERS.AddFloorsTest" name="verifyAddFloors" time="1.863"/>
</testsuite> <!-- testCases.ADMIN.MASTERS.AddFloorsTest -->
