<?xml version="1.0" encoding="UTF-8"?>
<!-- Generated by org.testng.reporters.JUnitReportReporter -->
<testsuite hostname="DESKTOP-LV5QG8U" failures="0" tests="1" name="testCases.AddOrganizationTest" time="10.610" errors="0" timestamp="2024-12-04T11:16:38 IST" skipped="0">
  <testcase classname="testCases.AddOrganizationTest" name="verifyAddOrganization" time="10.610"/>
</testsuite> <!-- testCases.AddOrganizationTest -->
