<?xml version="1.0" encoding="UTF-8"?>
<!-- Generated by org.testng.reporters.JUnitReportReporter -->
<testsuite hostname="DESKTOP-LV5QG8U" failures="0" tests="1" name="testCases.Patient_RegisterationTest" time="22.071" errors="0" timestamp="2025-01-06T16:57:05 IST" skipped="0">
  <testcase classname="testCases.Patient_RegisterationTest" name="verify_PaitentRegisteration" time="22.071"/>
</testsuite> <!-- testCases.Patient_RegisterationTest -->
