<?xml version="1.0" encoding="UTF-8"?>
<!-- Generated by org.testng.reporters.JUnitReportReporter -->
<testsuite hostname="DESKTOP-LV5QG8U" failures="0" tests="1" name="testCases.ADMIN.MASTERS.AddLocationTest" time="2.362" errors="0" timestamp="2025-01-07T16:19:05 IST" skipped="0">
  <testcase classname="testCases.ADMIN.MASTERS.AddLocationTest" name="verifyAddLocation" time="2.362"/>
</testsuite> <!-- testCases.ADMIN.MASTERS.AddLocationTest -->
