<?xml version="1.0" encoding="UTF-8"?>
<!-- Generated by org.testng.reporters.JUnitReportReporter -->
<testsuite hostname="DESKTOP-LV5QG8U" failures="0" tests="1" name="testCases.AddOrganizationTest" time="11.732" errors="0" timestamp="2025-01-02T16:04:09 IST" skipped="0">
  <testcase classname="testCases.AddOrganizationTest" name="verifyAddOrganization" time="11.732"/>
</testsuite> <!-- testCases.AddOrganizationTest -->
