<?xml version="1.0" encoding="UTF-8"?>
<!-- Generated by org.testng.reporters.JUnitReportReporter -->
<testsuite hostname="DESKTOP-LV5QG8U" failures="0" tests="1" name="testCases.Patient_RegisterationTest" time="41.895" errors="0" timestamp="2025-01-03T15:01:29 IST" skipped="0">
  <testcase classname="testCases.Patient_RegisterationTest" name="verify_PaitentRegisteration" time="41.895"/>
</testsuite> <!-- testCases.Patient_RegisterationTest -->
