<?xml version="1.0" encoding="UTF-8"?>
<!-- Generated by org.testng.reporters.JUnitReportReporter -->
<testsuite hostname="DESKTOP-LV5QG8U" failures="0" tests="1" name="testCases.ADMIN.MASTERS.AddWardsTest" time="3.052" errors="0" timestamp="2025-01-09T15:21:12 IST" skipped="0">
  <testcase classname="testCases.ADMIN.MASTERS.AddWardsTest" name="verifyAddWards" time="3.052"/>
</testsuite> <!-- testCases.ADMIN.MASTERS.AddWardsTest -->
