<?xml version="1.0" encoding="UTF-8"?>
<!-- Generated by org.testng.reporters.JUnitReportReporter -->
<testsuite hostname="DESKTOP-LV5QG8U" failures="0" tests="1" name="testCases.UHID_CreationTest" time="18.540" errors="0" timestamp="2025-01-07T16:19:05 IST" skipped="0">
  <testcase classname="testCases.UHID_CreationTest" name="verify_UHID_Registeration" time="18.540"/>
</testsuite> <!-- testCases.UHID_CreationTest -->
