<?xml version="1.0" encoding="UTF-8"?>
<!-- Generated by org.testng.reporters.JUnitReportReporter -->
<testsuite hostname="DESKTOP-LV5QG8U" failures="0" tests="1" name="testCases.ADMIN.MASTERS.AddFloorsTest" time="1.913" errors="0" timestamp="2025-01-09T15:21:12 IST" skipped="0">
  <testcase classname="testCases.ADMIN.MASTERS.AddFloorsTest" name="verifyAddFloors" time="1.913"/>
</testsuite> <!-- testCases.ADMIN.MASTERS.AddFloorsTest -->
