<?xml version="1.0" encoding="UTF-8"?>
<!-- Generated by org.testng.reporters.JUnitReportReporter -->
<testsuite hostname="DESKTOP-LV5QG8U" failures="0" tests="1" name="testCases.UHID_CreationTest" time="30.551" errors="0" timestamp="2024-12-04T13:19:07 IST" skipped="0">
  <testcase classname="testCases.UHID_CreationTest" name="verify_UHID_Registeration" time="30.551"/>
</testsuite> <!-- testCases.UHID_CreationTest -->
